{"name":"userReg","status":"broken","statusDetails":{"known":false,"muted":false,"flaky":false,"message":"Expected condition failed: waiting for element to be clickable: By.xpath: //a[contains(text(),'Choose')] (tried for 10 second(s) with 500 milliseconds interval)","trace":"org.openqa.selenium.TimeoutException: Expected condition failed: waiting for element to be clickable: By.xpath: //a[contains(text(),'Choose')] (tried for 10 second(s) with 500 milliseconds interval)\r\n\tat org.openqa.selenium.support.ui.WebDriverWait.timeoutException(WebDriverWait.java:138)\r\n\tat org.openqa.selenium.support.ui.FluentWait.until(FluentWait.java:234)\r\n\tat pages.userRegistration.register(userRegistration.java:238)\r\n\tat testCases.loginTest.userReg(loginTest.java:57)\r\n\tat java.base/jdk.internal.reflect.NativeMethodAccessorImpl.invoke0(Native Method)\r\n\tat java.base/jdk.internal.reflect.NativeMethodAccessorImpl.invoke(NativeMethodAccessorImpl.java:77)\r\n\tat java.base/jdk.internal.reflect.DelegatingMethodAccessorImpl.invoke(DelegatingMethodAccessorImpl.java:43)\r\n\tat java.base/java.lang.reflect.Method.invoke(Method.java:568)\r\n\tat org.testng.internal.MethodInvocationHelper.invokeMethod(MethodInvocationHelper.java:133)\r\n\tat org.testng.internal.TestInvoker.invokeMethod(TestInvoker.java:598)\r\n\tat org.testng.internal.TestInvoker.invokeTestMethod(TestInvoker.java:173)\r\n\tat org.testng.internal.MethodRunner.runInSequence(MethodRunner.java:46)\r\n\tat org.testng.internal.TestInvoker$MethodInvocationAgent.invoke(TestInvoker.java:824)\r\n\tat org.testng.internal.TestInvoker.invokeTestMethods(TestInvoker.java:146)\r\n\tat org.testng.internal.TestMethodWorker.invokeTestMethods(TestMethodWorker.java:146)\r\n\tat org.testng.internal.TestMethodWorker.run(TestMethodWorker.java:128)\r\n\tat java.base/java.util.ArrayList.forEach(ArrayList.java:1511)\r\n\tat org.testng.TestRunner.privateRun(TestRunner.java:794)\r\n\tat org.testng.TestRunner.run(TestRunner.java:596)\r\n\tat org.testng.SuiteRunner.runTest(SuiteRunner.java:377)\r\n\tat org.testng.SuiteRunner.runSequentially(SuiteRunner.java:371)\r\n\tat org.testng.SuiteRunner.privateRun(SuiteRunner.java:332)\r\n\tat org.testng.SuiteRunner.run(SuiteRunner.java:276)\r\n\tat org.testng.SuiteRunnerWorker.runSuite(SuiteRunnerWorker.java:53)\r\n\tat org.testng.SuiteRunnerWorker.run(SuiteRunnerWorker.java:96)\r\n\tat org.testng.TestNG.runSuitesSequentially(TestNG.java:1212)\r\n\tat org.testng.TestNG.runSuitesLocally(TestNG.java:1134)\r\n\tat org.testng.TestNG.runSuites(TestNG.java:1063)\r\n\tat org.testng.TestNG.run(TestNG.java:1031)\r\n\tat org.testng.remote.AbstractRemoteTestNG.run(AbstractRemoteTestNG.java:115)\r\n\tat org.testng.remote.RemoteTestNG.initAndRun(RemoteTestNG.java:251)\r\n\tat org.testng.remote.RemoteTestNG.main(RemoteTestNG.java:77)\r\nCaused by: org.openqa.selenium.NoSuchElementException: no such element: Unable to locate element: {\"method\":\"xpath\",\"selector\":\"//a[contains(text(),'Choose')]\"}\n  (Session info: chrome=111.0.5563.65)\nFor documentation on this error, please visit: https://www.seleniumhq.org/exceptions/no_such_element.html\nBuild info: version: '4.0.0-alpha-3', revision: '8c567de6dc'\nSystem info: host: 'SEZ-WS-47', ip: '192.168.10.201', os.name: 'Windows 10', os.arch: 'amd64', os.version: '10.0', java.version: '17.0.5'\nDriver info: org.openqa.selenium.chrome.ChromeDriver\nCapabilities {acceptInsecureCerts: false, browserName: chrome, browserVersion: 111.0.5563.65, chrome: {chromedriverVersion: 111.0.5563.64 (c710e93d5b63..., userDataDir: C:\\Users\\dme595\\AppData\\Loc...}, goog:chromeOptions: {debuggerAddress: localhost:64691}, javascriptEnabled: true, networkConnectionEnabled: false, pageLoadStrategy: normal, platform: WINDOWS, platformName: WINDOWS, proxy: Proxy(), setWindowRect: true, strictFileInteractability: false, timeouts: {implicit: 0, pageLoad: 300000, script: 30000}, unhandledPromptBehavior: dismiss and notify, webauthn:extension:credBlob: true, webauthn:extension:largeBlob: true, webauthn:extension:minPinLength: true, webauthn:extension:prf: true, webauthn:virtualAuthenticators: true}\nSession ID: 089f89b4cca4adfe13e5be1f632dfcf6\n*** Element info: {Using=xpath, value=//a[contains(text(),'Choose')]}\r\n\tat jdk.internal.reflect.GeneratedConstructorAccessor24.newInstance(Unknown Source)\r\n\tat java.base/jdk.internal.reflect.DelegatingConstructorAccessorImpl.newInstance(DelegatingConstructorAccessorImpl.java:45)\r\n\tat java.base/java.lang.reflect.Constructor.newInstanceWithCaller(Constructor.java:499)\r\n\tat java.base/java.lang.reflect.Constructor.newInstance(Constructor.java:480)\r\n\tat org.openqa.selenium.remote.codec.w3c.W3CHttpResponseCodec.createException(W3CHttpResponseCodec.java:191)\r\n\tat org.openqa.selenium.remote.codec.w3c.W3CHttpResponseCodec.decode(W3CHttpResponseCodec.java:125)\r\n\tat org.openqa.selenium.remote.codec.w3c.W3CHttpResponseCodec.decode(W3CHttpResponseCodec.java:52)\r\n\tat org.openqa.selenium.remote.HttpCommandExecutor.execute(HttpCommandExecutor.java:161)\r\n\tat org.openqa.selenium.remote.service.DriverCommandExecutor.execute(DriverCommandExecutor.java:83)\r\n\tat org.openqa.selenium.remote.RemoteWebDriver.execute(RemoteWebDriver.java:576)\r\n\tat org.openqa.selenium.remote.RemoteWebDriver.findElement(RemoteWebDriver.java:327)\r\n\tat org.openqa.selenium.remote.RemoteWebDriver.findElementByXPath(RemoteWebDriver.java:445)\r\n\tat org.openqa.selenium.By$ByXPath.findElement(By.java:396)\r\n\tat org.openqa.selenium.remote.RemoteWebDriver.findElement(RemoteWebDriver.java:319)\r\n\tat org.openqa.selenium.support.ui.ExpectedConditions$7.apply(ExpectedConditions.java:205)\r\n\tat org.openqa.selenium.support.ui.ExpectedConditions$7.apply(ExpectedConditions.java:201)\r\n\tat org.openqa.selenium.support.ui.ExpectedConditions$22.apply(ExpectedConditions.java:641)\r\n\tat org.openqa.selenium.support.ui.ExpectedConditions$22.apply(ExpectedConditions.java:638)\r\n\tat org.openqa.selenium.support.ui.FluentWait.until(FluentWait.java:211)\r\n\t... 30 more\r\n"},"stage":"finished","description":"TestCase : User Registration","steps":[{"name":"Clicked on registration link","status":"passed","stage":"finished","steps":[],"attachments":[],"parameters":[],"start":1679457949407,"stop":1679457949409},{"name":"Entered first name","status":"passed","stage":"finished","steps":[],"attachments":[],"parameters":[],"start":1679457949687,"stop":1679457949687},{"name":"Entered second name","status":"passed","stage":"finished","steps":[],"attachments":[],"parameters":[],"start":1679457949841,"stop":1679457949841},{"name":"Email id is entered","status":"passed","stage":"finished","steps":[],"attachments":[],"parameters":[],"start":1679457950155,"stop":1679457950155},{"name":"Clicked on country dropdown","status":"passed","stage":"finished","steps":[],"attachments":[],"parameters":[],"start":1679457950294,"stop":1679457950294},{"name":"Country name is selected from dropdown","status":"passed","stage":"finished","steps":[],"attachments":[],"parameters":[],"start":1679457950459,"stop":1679457950459},{"name":"Phone number is entered","status":"passed","stage":"finished","steps":[],"attachments":[],"parameters":[],"start":1679457950632,"stop":1679457950632},{"name":"Company name is entered","status":"passed","stage":"finished","steps":[],"attachments":[],"parameters":[],"start":1679457950755,"stop":1679457950755},{"name":"Privacy policy is selected","status":"passed","stage":"finished","steps":[],"attachments":[],"parameters":[],"start":1679457950870,"stop":1679457950870},{"name":"Clicked on register button","status":"passed","stage":"finished","steps":[],"attachments":[],"parameters":[],"start":1679457950965,"stop":1679457950965},{"name":"Address one is entered","status":"passed","stage":"finished","steps":[],"attachments":[],"parameters":[],"start":1679457983659,"stop":1679457983659},{"name":"Address two is entered","status":"passed","stage":"finished","steps":[],"attachments":[],"parameters":[],"start":1679457983793,"stop":1679457983793},{"name":"City is entered","status":"passed","stage":"finished","steps":[],"attachments":[],"parameters":[],"start":1679457983893,"stop":1679457983893},{"name":"State is entered","status":"passed","stage":"finished","steps":[],"attachments":[],"parameters":[],"start":1679457983990,"stop":1679457983990},{"name":"Zipcode is entered","status":"passed","stage":"finished","steps":[],"attachments":[],"parameters":[],"start":1679457984093,"stop":1679457984093},{"name":"Website is entered","status":"passed","stage":"finished","steps":[],"attachments":[],"parameters":[],"start":1679457984296,"stop":1679457984296},{"name":"Policy Link is entered","status":"passed","stage":"finished","steps":[],"attachments":[],"parameters":[],"start":1679457984506,"stop":1679457984506},{"name":"Tax ID is entered","status":"passed","stage":"finished","steps":[],"attachments":[],"parameters":[],"start":1679457984609,"stop":1679457984609},{"name":"Next button is clicked","status":"passed","stage":"finished","steps":[],"attachments":[],"parameters":[],"start":1679457984678,"stop":1679457984678},{"name":"Terms and conditions checkbox is selected","status":"passed","stage":"finished","steps":[],"attachments":[],"parameters":[],"start":1679457986745,"stop":1679457986745},{"name":"Next button is clicked","status":"passed","stage":"finished","steps":[],"attachments":[],"parameters":[],"start":1679457986833,"stop":1679457986833},{"name":"Plan month is selected","status":"passed","stage":"finished","steps":[],"attachments":[],"parameters":[],"start":1679457987485,"stop":1679457987485}],"attachments":[{"name":"saveFailureScreenShot","source":"5278b7dc-3f5e-4329-9f23-0cfa557f49d7-attachment"},{"name":"userReg failed and screenshot taken!","source":"0a68af96-cbdd-4bc5-86a8-b255e6579e23-attachment","type":"text/plain"}],"parameters":[],"start":1679457936469,"stop":1679457997973,"uuid":"c75f1750-d012-4344-89c4-e9f6c95b4c73","historyId":"367f6f98774eec99d532635782b4b0bf","fullName":"testCases.loginTest.userReg","labels":[{"name":"package","value":"testCases.loginTest"},{"name":"testClass","value":"testCases.loginTest"},{"name":"testMethod","value":"userReg"},{"name":"parentSuite","value":"Default suite"},{"name":"suite","value":"Default test"},{"name":"subSuite","value":"testCases.loginTest"},{"name":"host","value":"SEZ-WS-47"},{"name":"thread","value":"30136@SEZ-WS-47.main(1)"},{"name":"framework","value":"testng"},{"name":"language","value":"java"}],"links":[]}